PC-001 - есть старая x86 версия!
PC-001 - есть новая x86 версия!
PC-003 - есть старая x86 версия!
PC-003 - устанавливаю новую x86 версию!
PC-005 - есть старая x86 версия!
PC-005 - есть новая x86 версия!
PC-006 - есть старая x64 версия!
PC-006 - есть новая x64 версия!
PC-069 - есть старая x64 версия!
PC-069 - устанавливаю новую x64 версию!
PC-069 - есть старая x64 версия!
PC-069 - устанавливаю новую x64 версию!
PC-069 - есть старая x64 версия!
PC-069 - устанавливаю новую x64 версию!
PC-069 - есть старая x64 версия!
PC-069 - устанавливаю новую x64 версию!
PC-069 - есть старая x64 версия!
PC-069 - устанавливаю новую x64 версию!
PC-069 - есть старая x64 версия!
PC-069 - устанавливаю новую x64 версию!
PC-069 - есть старая x64 версия!
PC-069 - устанавливаю новую x64 версию!
PC-069 - есть старая x64 версия!
PC-069 - устанавливаю новую x64 версию!
PC-069 - есть старая x64 версия!
PC-069 - устанавливаю новую x64 версию!
PC-069 - есть старая x64 версия!
PC-069 - устанавливаю новую x64 версию!
PC-069 - есть старая x64 версия!
PC-069 - устанавливаю новую x64 версию!
PC-069 - есть старая x64 версия!
PC-069 - есть новая x64 версия!
PC-052 - есть старая x64 версия!
PC-052 - устанавливаю новую x64 версию!
PC-069 - есть старая x64 версия!
PC-069 - устанавливаю новую x64 версию!
PC-099 - есть старая x64 версия!
PC-099 - устанавливаю новую x64 версию!
PC-149 - есть старая x64 версия!
PC-149 - устанавливаю новую x64 версию!
PC-010 - есть старая x64 версия!
PC-010 - устанавливаю новую x64 версию!
2025.04.22 16:31:51 pc-051 - компьютер не для установки новой версии!
2025.04.22 16:31:51 pc-052 - компьютер не для установки новой версии!
2025.04.22 16:31:51 PC-069 - компьютер не для установки новой версии!
2025.04.22 16:34:09 pc-051 - компьютер не для установки новой версии!
2025.04.22 16:34:09 pc-052 - компьютер не для установки новой версии!
2025.04.22 16:34:09 PC-069 - компьютер не для установки новой версии!
2025.04.22 16:36:58 pc-051 - компьютер не для установки новой версии!
2025.04.22 16:36:58 pc-052 - компьютер не для установки новой версии!
2025.04.22 16:36:58 PC-069 - компьютер не для установки новой версии!
2025.04.23 11:05:38 pc-051 - компьютер не для установки новой версии!
2025.04.23 11:05:38 pc-052 - компьютер не для установки новой версии!
2025.04.23 11:05:38 PC-069 - компьютер не для установки новой версии!
2025.05.06 13:21:48 pc-051 - компьютер не для установки новой версии!
2025.05.06 13:21:49 pc-052 - компьютер не для установки новой версии!
2025.05.06 13:21:49 PC-069 - компьютер не для установки новой версии!
2025.05.06 15:12:06 PC-005 - есть старая x86 версия!
2025.05.06 15:12:06 PC-005 - устанавливаю новую x86 версию!
2025.05.06 15:12:24 PC-006 - есть старая x64 версия!
2025.05.06 15:12:24 PC-006 - устанавливаю новую x64 версию!
2025.05.06 15:12:26 PC-007 - есть старая x64 версия!
2025.05.06 15:12:26 PC-007 - устанавливаю новую x64 версию!
2025.05.06 15:12:31 PC-009 - есть старая x86 версия!
2025.05.06 15:12:31 PC-009 - устанавливаю новую x86 версию!
2025.05.06 15:12:33 PC-010 - есть старая x64 версия!
2025.05.06 15:12:33 PC-010 - есть новая x64 версия!
2025.05.06 15:12:33 PC-011 - есть старая x86 версия!
2025.05.06 15:12:33 PC-011 - устанавливаю новую x86 версию!
2025.05.06 15:12:49 PC-013 - есть старая x86 версия!
2025.05.06 15:12:49 PC-013 - устанавливаю новую x86 версию!
2025.05.06 15:15:12 PC-014 - есть старая x86 версия!
2025.05.06 15:15:12 PC-014 - устанавливаю новую x86 версию!
2025.05.06 15:15:29 PC-015 - есть старая x86 версия!
2025.05.06 15:15:29 PC-015 - устанавливаю новую x86 версию!
2025.05.06 15:15:49 PC-017 - есть старая x64 версия!
2025.05.06 15:15:49 PC-017 - устанавливаю новую x64 версию!
2025.05.06 15:15:54 PC-018 - есть старая x86 версия!
2025.05.06 15:15:54 PC-018 - устанавливаю новую x86 версию!
2025.05.06 15:15:59 PC-019 - есть старая x64 версия!
2025.05.06 15:15:59 PC-019 - устанавливаю новую x64 версию!
2025.05.06 15:16:07 PC-022 - есть старая x86 версия!
2025.05.06 15:16:07 PC-022 - устанавливаю новую x86 версию!
2025.05.06 15:16:11 PC-024 - есть старая x64 версия!
2025.05.06 15:16:11 PC-024 - устанавливаю новую x64 версию!
2025.05.06 15:22:25 PC-005 - есть старая x86 версия!
2025.05.06 15:22:25 PC-005 - устанавливаю новую x86 версию!
2025.05.06 15:22:42 PC-006 - есть старая x64 версия!
2025.05.06 15:22:42 PC-006 - есть новая x64 версия!
2025.05.06 15:22:42 PC-007 - есть старая x64 версия!
2025.05.06 15:22:42 PC-007 - есть новая x64 версия!
2025.05.06 15:22:45 PC-009 - есть старая x86 версия!
2025.05.06 15:22:45 PC-009 - устанавливаю новую x86 версию!
2025.05.06 15:22:46 PC-010 - есть старая x64 версия!
2025.05.06 15:22:46 PC-010 - есть новая x64 версия!
2025.05.06 15:22:46 PC-011 - есть старая x86 версия!
2025.05.06 15:22:46 PC-011 - устанавливаю новую x86 версию!
2025.05.06 15:22:54 PC-013 - есть старая x86 версия!
2025.05.06 15:22:54 PC-013 - устанавливаю новую x86 версию!
2025.05.06 15:25:34 PC-014 - есть старая x86 версия!
2025.05.06 15:25:34 PC-014 - устанавливаю новую x86 версию!
2025.05.06 15:25:51 PC-015 - есть старая x86 версия!
2025.05.06 15:25:51 PC-015 - устанавливаю новую x86 версию!
2025.05.06 15:26:10 PC-017 - есть старая x64 версия!
2025.05.06 15:26:10 PC-017 - есть новая x64 версия!
2025.05.06 15:26:10 PC-018 - есть старая x86 версия!
2025.05.06 15:26:10 PC-018 - устанавливаю новую x86 версию!
2025.05.06 15:26:11 PC-019 - есть старая x64 версия!
2025.05.06 15:26:11 PC-019 - есть новая x64 версия!
2025.05.06 15:26:16 PC-022 - есть старая x86 версия!
2025.05.06 15:26:16 PC-022 - устанавливаю новую x86 версию!
2025.05.06 15:26:20 PC-024 - есть старая x64 версия!
2025.05.06 15:26:20 PC-024 - есть новая x64 версия!
2025.05.06 15:26:20 PC-025 - компьютер не для установки новой версии!
2025.05.06 15:26:22 PC-027 - есть старая x86 версия!
2025.05.06 15:26:22 PC-027 - устанавливаю новую x86 версию!
2025.05.06 15:26:40 PC-028 - компьютер не для установки новой версии!
2025.05.06 15:26:42 PC-030 - есть старая x86 версия!
2025.05.06 15:26:42 PC-030 - устанавливаю новую x86 версию!
2025.05.06 15:27:04 PC-031 - компьютер не для установки новой версии!
2025.05.06 15:27:04 PC-032 - компьютер не для установки новой версии!
2025.05.06 15:27:04 PC-033 - есть старая x86 версия!
2025.05.06 15:27:04 PC-033 - устанавливаю новую x86 версию!
2025.05.06 15:27:22 PC-034 - компьютер не для установки новой версии!
2025.05.06 15:27:22 PC-035 - компьютер не для установки новой версии!
2025.05.06 15:27:22 PC-036 - есть старая x64 версия!
2025.05.06 15:27:22 PC-036 - устанавливаю новую x64 версию!
2025.05.06 15:27:49 PC-038 - есть старая x64 версия!
2025.05.06 15:27:49 PC-038 - устанавливаю новую x64 версию!
2025.05.06 15:28:00 PC-041 - есть старая x64 версия!
2025.05.06 15:28:00 PC-041 - устанавливаю новую x64 версию!
2025.05.06 15:28:12 PC-042 - есть старая x64 версия!
2025.05.06 15:28:12 PC-042 - устанавливаю новую x64 версию!
2025.05.06 15:28:22 PC-043 - есть старая x64 версия!
2025.05.06 15:28:22 PC-043 - устанавливаю новую x64 версию!
2025.05.06 15:59:11 PC-005 - есть старая x86 версия!
2025.05.06 15:59:11 PC-005 - устанавливаю новую x86 версию!
-----
-----
2025.05.06 16:02:59 PC-005 - есть старая x86 версия!
2025.05.06 16:02:59 PC-005 - есть новая x86 версия!
2025.05.06 16:02:59 PC-006 - есть старая x64 версия!
2025.05.06 16:02:59 PC-006 - есть новая x64 версия!
2025.05.06 16:02:59 PC-007 - есть старая x64 версия!
2025.05.06 16:02:59 PC-007 - есть новая x64 версия!
2025.05.06 16:03:02 PC-009 - есть старая x86 версия!
2025.05.06 16:03:02 PC-009 - устанавливаю новую x86 версию!
2025.05.06 16:03:03 PC-010 - есть старая x64 версия!
2025.05.06 16:03:03 PC-010 - есть новая x64 версия!
2025.05.06 16:03:03 PC-011 - есть старая x86 версия!
2025.05.06 16:03:03 PC-011 - устанавливаю новую x86 версию!
2025.05.06 16:03:10 PC-013 - есть старая x86 версия!
2025.05.06 16:03:10 PC-013 - есть новая x86 версия!
2025.05.06 16:03:10 PC-014 - есть старая x86 версия!
2025.05.06 16:03:10 PC-014 - устанавливаю новую x86 версию!
2025.05.06 16:03:27 PC-015 - есть старая x86 версия!
2025.05.06 16:03:27 PC-015 - устанавливаю новую x86 версию!
2025.05.06 16:03:47 PC-017 - есть старая x64 версия!
2025.05.06 16:03:47 PC-017 - есть новая x64 версия!
2025.05.06 16:03:47 PC-018 - есть старая x86 версия!
2025.05.06 16:03:47 PC-018 - устанавливаю новую x86 версию!
2025.05.06 16:03:58 PC-022 - есть старая x86 версия!
2025.05.06 16:03:58 PC-022 - устанавливаю новую x86 версию!
2025.05.06 16:04:07 PC-024 - есть старая x64 версия!
2025.05.06 16:04:07 PC-024 - есть новая x64 версия!
2025.05.06 16:04:07 PC-025 - компьютер не для установки новой версии!
2025.05.06 16:04:10 PC-027 - есть старая x86 версия!
2025.05.06 16:04:10 PC-027 - устанавливаю новую x86 версию!
2025.05.06 16:04:27 PC-028 - компьютер не для установки новой версии!
2025.05.06 16:04:30 PC-030 - есть старая x86 версия!
2025.05.06 16:04:30 PC-030 - устанавливаю новую x86 версию!
2025.05.06 16:04:59 PC-031 - компьютер не для установки новой версии!
2025.05.06 16:04:59 PC-032 - компьютер не для установки новой версии!
2025.05.06 16:04:59 PC-033 - есть старая x86 версия!
2025.05.06 16:04:59 PC-033 - устанавливаю новую x86 версию!
2025.05.06 16:05:26 PC-034 - компьютер не для установки новой версии!
2025.05.06 16:05:26 PC-035 - компьютер не для установки новой версии!
2025.05.06 16:05:26 PC-036 - есть старая x64 версия!
2025.05.06 16:05:26 PC-036 - есть новая x64 версия!
2025.05.06 16:05:29 PC-038 - есть старая x64 версия!
2025.05.06 16:05:29 PC-038 - есть новая x64 версия!
2025.05.06 16:05:34 PC-041 - есть старая x64 версия!
2025.05.06 16:05:34 PC-041 - есть новая x64 версия!
2025.05.06 16:05:34 PC-042 - есть старая x64 версия!
2025.05.06 16:05:34 PC-042 - есть новая x64 версия!
2025.05.06 16:05:34 PC-043 - есть старая x64 версия!
2025.05.06 16:05:34 PC-043 - есть новая x64 версия!
2025.05.06 16:05:34 PC-044 - есть старая x64 версия!
2025.05.06 16:05:34 PC-044 - устанавливаю новую x64 версию!
2025.05.06 16:05:39 PC-045 - есть старая x64 версия!
2025.05.06 16:05:39 PC-045 - устанавливаю новую x64 версию!
2025.05.06 16:05:41 PC-046 - есть старая x64 версия!
2025.05.06 16:05:41 PC-046 - устанавливаю новую x64 версию!
2025.05.06 16:05:43 PC-047 - есть старая x64 версия!
2025.05.06 16:05:43 PC-047 - устанавливаю новую x64 версию!
2025.05.06 16:06:37 PC-050 - есть старая x64 версия!
2025.05.06 16:06:37 PC-050 - устанавливаю новую x64 версию!
2025.05.06 16:07:17 PC-051 - компьютер не для установки новой версии!
2025.05.06 16:07:17 PC-052 - компьютер не для установки новой версии!
2025.05.06 16:07:24 PC-056 - есть старая x64 версия!
2025.05.06 16:07:24 PC-056 - устанавливаю новую x64 версию!
2025.05.06 16:08:00 PC-057 - есть старая x64 версия!
2025.05.06 16:08:00 PC-057 - устанавливаю новую x64 версию!
2025.05.06 16:09:04 PC-058 - есть старая x86 версия!
2025.05.06 16:09:04 PC-058 - устанавливаю новую x86 версию!
2025.05.06 16:09:22 PC-059 - есть старая x64 версия!
2025.05.06 16:09:22 PC-059 - устанавливаю новую x64 версию!
2025.05.06 16:09:49 PC-060 - есть старая x64 версия!
2025.05.06 16:09:49 PC-060 - устанавливаю новую x64 версию!
2025.05.06 16:10:14 PC-061 - есть старая x64 версия!
2025.05.06 16:10:14 PC-061 - устанавливаю новую x64 версию!
2025.05.06 16:11:03 PC-064 - есть старая x64 версия!
2025.05.06 16:11:03 PC-064 - устанавливаю новую x64 версию!
2025.05.06 16:11:42 PC-067 - есть старая x64 версия!
2025.05.06 16:11:42 PC-067 - устанавливаю новую x64 версию!
2025.05.06 16:11:51 PC-068 - есть старая x64 версия!
2025.05.06 16:11:51 PC-068 - устанавливаю новую x64 версию!
2025.05.06 16:12:08 PC-069 - компьютер не для установки новой версии!
2025.05.06 16:12:10 PC-071 - компьютер не для установки новой версии!
2025.05.06 16:12:10 PC-073 - есть старая x64 версия!
2025.05.06 16:12:10 PC-073 - устанавливаю новую x64 версию!
2025.05.06 16:12:23 PC-074 - есть старая x64 версия!
2025.05.06 16:12:23 PC-074 - устанавливаю новую x64 версию!
2025.05.06 16:12:29 PC-075 - есть старая x64 версия!
2025.05.06 16:12:29 PC-075 - устанавливаю новую x64 версию!
2025.05.06 16:12:32 PC-077 - есть старая x64 версия!
2025.05.06 16:12:32 PC-077 - устанавливаю новую x64 версию!
2025.05.06 16:12:37 PC-079 - есть старая x64 версия!
2025.05.06 16:12:37 PC-079 - устанавливаю новую x64 версию!
2025.05.06 16:12:44 PC-081 - есть старая x64 версия!
2025.05.06 16:12:44 PC-081 - устанавливаю новую x64 версию!
2025.05.06 16:12:54 PC-085 - есть старая x64 версия!
2025.05.06 16:12:54 PC-085 - устанавливаю новую x64 версию!
2025.05.06 16:13:01 PC-086 - компьютер не для установки новой версии!
2025.05.06 16:13:09 PC-090 - есть старая x64 версия!
2025.05.06 16:13:09 PC-090 - устанавливаю новую x64 версию!
2025.05.06 16:13:29 PC-095 - есть старая x64 версия!
2025.05.06 16:13:29 PC-095 - устанавливаю новую x64 версию!
2025.05.06 16:13:46 PC-096 - есть старая x64 версия!
2025.05.06 16:13:46 PC-096 - устанавливаю новую x64 версию!
2025.05.06 16:15:30 PC-097 - есть старая x64 версия!
2025.05.06 16:15:30 PC-097 - устанавливаю новую x64 версию!
2025.05.06 16:15:34 PC-098 - компьютер не для установки новой версии!
2025.05.06 16:15:34 PC-099 - есть старая x64 версия!
2025.05.06 16:15:34 PC-099 - есть новая x64 версия!
2025.05.06 16:15:44 PC-104 - есть старая x64 версия!
2025.05.06 16:15:44 PC-104 - устанавливаю новую x64 версию!
2025.05.06 16:15:52 PC-105 - есть старая x64 версия!
2025.05.06 16:15:52 PC-105 - устанавливаю новую x64 версию!
2025.05.06 16:15:58 PC-106 - есть старая x64 версия!
2025.05.06 16:15:58 PC-106 - устанавливаю новую x64 версию!
2025.05.06 16:16:08 PC-108 - есть старая x64 версия!
2025.05.06 16:16:08 PC-108 - устанавливаю новую x64 версию!
2025.05.06 16:16:13 PC-109 - есть старая x64 версия!
2025.05.06 16:16:13 PC-109 - устанавливаю новую x64 версию!
2025.05.06 16:16:55 PC-110 - есть старая x64 версия!
2025.05.06 16:16:55 PC-110 - устанавливаю новую x64 версию!
2025.05.06 16:18:12 PC-111 - есть старая x64 версия!
2025.05.06 16:18:12 PC-111 - устанавливаю новую x64 версию!
2025.05.06 16:18:59 PC-112 - есть старая x64 версия!
2025.05.06 16:18:59 PC-112 - устанавливаю новую x64 версию!
2025.05.06 16:19:37 PC-113 - есть старая x64 версия!
2025.05.06 16:19:37 PC-113 - устанавливаю новую x64 версию!
2025.05.06 16:20:28 PC-116 - есть старая x64 версия!
2025.05.06 16:20:28 PC-116 - устанавливаю новую x64 версию!
2025.05.06 16:20:51 PC-117 - есть старая x64 версия!
2025.05.06 16:20:51 PC-117 - устанавливаю новую x64 версию!
2025.05.06 16:20:54 PC-118 - есть старая x64 версия!
2025.05.06 16:20:54 PC-118 - устанавливаю новую x64 версию!
2025.05.06 16:21:03 PC-119 - есть старая x64 версия!
2025.05.06 16:21:03 PC-119 - устанавливаю новую x64 версию!
2025.05.06 16:21:28 PC-122 - есть старая x86 версия!
2025.05.06 16:21:28 PC-122 - устанавливаю новую x86 версию!
2025.05.06 16:21:37 PC-124 - есть старая x64 версия!
2025.05.06 16:21:37 PC-124 - устанавливаю новую x64 версию!
2025.05.06 16:22:03 PC-126 - есть старая x86 версия!
2025.05.06 16:22:03 PC-126 - устанавливаю новую x86 версию!
2025.05.06 16:22:24 PC-127 - есть старая x64 версия!
2025.05.06 16:22:24 PC-127 - устанавливаю новую x64 версию!
2025.05.06 16:23:01 PC-128 - есть старая x64 версия!
2025.05.06 16:23:01 PC-128 - устанавливаю новую x64 версию!
2025.05.06 16:23:22 PC-133 - есть старая x86 версия!
2025.05.06 16:23:22 PC-133 - устанавливаю новую x86 версию!
2025.05.06 16:23:29 PC-134 - есть старая x64 версия!
2025.05.06 16:23:29 PC-134 - устанавливаю новую x64 версию!
2025.05.06 16:23:38 PC-135 - есть старая x86 версия!
2025.05.06 16:23:38 PC-135 - устанавливаю новую x86 версию!
2025.05.06 16:24:05 PC-136 - есть старая x64 версия!
2025.05.06 16:24:05 PC-136 - устанавливаю новую x64 версию!
2025.05.06 16:24:28 PC-138 - есть старая x64 версия!
2025.05.06 16:24:28 PC-138 - устанавливаю новую x64 версию!
2025.05.06 16:24:41 PC-139 - компьютер не для установки новой версии!
2025.05.06 16:24:41 PC-140 - есть старая x86 версия!
2025.05.06 16:24:41 PC-140 - устанавливаю новую x86 версию!
2025.05.06 16:25:47 PC-141 - есть старая x64 версия!
2025.05.06 16:25:47 PC-141 - устанавливаю новую x64 версию!
2025.05.06 16:27:04 PC-142 - есть старая x64 версия!
2025.05.06 16:27:04 PC-142 - устанавливаю новую x64 версию!
2025.05.06 16:27:43 PC-143 - есть старая x86 версия!
2025.05.06 16:27:43 PC-143 - устанавливаю новую x86 версию!
2025.05.06 16:28:19 PC-144 - есть старая x86 версия!
2025.05.06 16:28:19 PC-144 - устанавливаю новую x86 версию!
2025.05.06 16:29:11 PC-145 - есть старая x64 версия!
2025.05.06 16:29:11 PC-145 - устанавливаю новую x64 версию!
2025.05.06 16:29:28 PC-146 - есть старая x64 версия!
2025.05.06 16:29:28 PC-146 - устанавливаю новую x64 версию!
2025.05.06 16:30:28 PC-147 - есть старая x64 версия!
2025.05.06 16:30:28 PC-147 - устанавливаю новую x64 версию!
2025.05.06 16:30:47 PC-148 - есть старая x64 версия!
2025.05.06 16:30:47 PC-148 - устанавливаю новую x64 версию!
2025.05.06 16:31:36 PC-149 - есть старая x64 версия!
2025.05.06 16:31:37 PC-149 - есть новая x64 версия!
2025.05.06 16:31:44 PC-152 - есть старая x86 версия!
2025.05.06 16:31:44 PC-152 - устанавливаю новую x86 версию!
2025.05.06 16:32:10 PC-155 - есть старая x86 версия!
2025.05.06 16:32:10 PC-155 - устанавливаю новую x86 версию!
2025.05.06 16:32:55 PC-156 - есть старая x86 версия!
2025.05.06 16:32:55 PC-156 - устанавливаю новую x86 версию!
2025.05.06 16:33:20 PC-157 - есть старая x86 версия!
2025.05.06 16:33:20 PC-157 - устанавливаю новую x86 версию!
2025.05.06 16:34:40 PC-161 - есть старая x64 версия!
2025.05.06 16:34:40 PC-161 - устанавливаю новую x64 версию!
2025.05.06 16:34:51 PC-164 - есть старая x64 версия!
2025.05.06 16:34:51 PC-164 - устанавливаю новую x64 версию!
2025.05.06 16:35:17 PC-170 - есть старая x64 версия!
2025.05.06 16:35:17 PC-170 - устанавливаю новую x64 версию!
2025.05.06 16:35:31 PC-171 - есть старая x64 версия!
2025.05.06 16:35:31 PC-171 - устанавливаю новую x64 версию!
2025.05.06 16:35:44 PC-177 - есть старая x64 версия!
2025.05.06 16:35:44 PC-177 - устанавливаю новую x64 версию!
2025.05.06 16:35:51 PC-178 - компьютер не для установки новой версии!
2025.05.06 16:35:51 PC-179 - есть старая x64 версия!
2025.05.06 16:35:51 PC-179 - устанавливаю новую x64 версию!
2025.05.06 16:36:03 PC-181 - есть старая x86 версия!
2025.05.06 16:36:03 PC-181 - устанавливаю новую x86 версию!
2025.05.06 16:36:29 PC-183 - есть старая x64 версия!
2025.05.06 16:36:30 PC-183 - устанавливаю новую x64 версию!
2025.05.06 16:36:36 PC-184 - есть старая x64 версия!
2025.05.06 16:36:36 PC-184 - устанавливаю новую x64 версию!
2025.05.06 16:36:40 PC-185 - есть старая x64 версия!
2025.05.06 16:36:40 PC-185 - устанавливаю новую x64 версию!
2025.05.06 16:36:55 PC-188 - есть старая x86 версия!
2025.05.06 16:36:55 PC-188 - устанавливаю новую x86 версию!
2025.05.06 16:37:26 PC-192 - есть старая x64 версия!
2025.05.06 16:37:26 PC-192 - устанавливаю новую x64 версию!
2025.05.06 16:38:32 PC-195 - есть старая x64 версия!
2025.05.06 16:38:32 PC-195 - устанавливаю новую x64 версию!
2025.05.06 16:38:42 PC-198 - компьютер не для установки новой версии!
2025.05.06 16:38:42 PC-199 - есть старая x64 версия!
2025.05.06 16:38:42 PC-199 - устанавливаю новую x64 версию!
2025.05.06 16:38:54 PC-202 - есть старая x64 версия!
2025.05.06 16:38:54 PC-202 - устанавливаю новую x64 версию!
2025.05.06 16:40:14 PC-210 - есть старая x86 версия!
2025.05.06 16:40:14 PC-210 - устанавливаю новую x86 версию!
2025.05.06 16:40:39 PC-212 - есть старая x64 версия!
2025.05.06 16:40:39 PC-212 - устанавливаю новую x64 версию!
2025.05.06 16:41:01 PC-214 - есть старая x64 версия!
2025.05.06 16:41:01 PC-214 - устанавливаю новую x64 версию!
2025.05.06 16:41:12 PC-216 - есть старая x64 версия!
2025.05.06 16:41:12 PC-216 - устанавливаю новую x64 версию!
2025.05.06 16:41:21 PC-218 - есть старая x64 версия!
2025.05.06 16:41:21 PC-218 - устанавливаю новую x64 версию!
2025.05.06 16:43:28 PC-219 - есть старая x86 версия!
2025.05.06 16:43:28 PC-219 - устанавливаю новую x86 версию!
2025.05.06 16:43:59 PC-220 - есть старая x64 версия!
2025.05.06 16:43:59 PC-220 - устанавливаю новую x64 версию!
2025.05.06 16:44:48 PC-222 - есть старая x64 версия!
2025.05.06 16:44:48 PC-222 - устанавливаю новую x64 версию!
2025.05.06 16:45:11 PC-224 - есть старая x64 версия!
2025.05.06 16:45:11 PC-224 - устанавливаю новую x64 версию!
2025.05.06 16:45:27 PC-228 - есть старая x64 версия!
2025.05.06 16:45:27 PC-228 - устанавливаю новую x64 версию!
2025.05.06 16:46:34 PC-229 - есть старая x86 версия!
2025.05.06 16:46:34 PC-229 - устанавливаю новую x86 версию!
2025.05.06 16:46:41 PC-231 - есть старая x64 версия!
2025.05.06 16:46:41 PC-231 - устанавливаю новую x64 версию!
2025.05.06 16:47:21 PC-234 - есть старая x64 версия!
2025.05.06 16:47:21 PC-234 - устанавливаю новую x64 версию!
2025.05.06 16:47:27 PC-236 - есть старая x64 версия!
2025.05.06 16:47:27 PC-236 - устанавливаю новую x64 версию!
2025.05.06 16:47:56 PC-239 - есть старая x64 версия!
2025.05.06 16:47:56 PC-239 - устанавливаю новую x64 версию!
2025.05.06 16:48:34 PC-241 - компьютер не для установки новой версии!
2025.05.06 16:48:43 PC-244 - есть старая x64 версия!
2025.05.06 16:48:43 PC-244 - устанавливаю новую x64 версию!
2025.05.06 16:49:27 PC-252 - есть старая x64 версия!
2025.05.06 16:49:27 PC-252 - устанавливаю новую x64 версию!
2025.05.06 16:49:29 PC-253 - есть старая x64 версия!
2025.05.06 16:49:29 PC-253 - устанавливаю новую x64 версию!
2025.05.06 16:49:32 PC-254 - есть старая x64 версия!
2025.05.06 16:49:32 PC-254 - устанавливаю новую x64 версию!
2025.05.06 16:49:37 PC-255 - есть старая x64 версия!
2025.05.06 16:49:37 PC-255 - устанавливаю новую x64 версию!
2025.05.06 16:50:02 PC-260 - есть старая x86 версия!
2025.05.06 16:50:02 PC-260 - устанавливаю новую x86 версию!
2025.05.06 16:50:20 PC-261 - компьютер не для установки новой версии!
2025.05.06 16:50:20 PC-262 - компьютер не для установки новой версии!
2025.05.06 16:50:21 PC-263 - есть старая x64 версия!
2025.05.06 16:50:21 PC-263 - устанавливаю новую x64 версию!
2025.05.06 16:50:27 PC-264 - есть старая x64 версия!
2025.05.06 16:50:27 PC-264 - устанавливаю новую x64 версию!
2025.05.06 16:50:35 PC-267 - есть старая x64 версия!
2025.05.06 16:50:35 PC-267 - устанавливаю новую x64 версию!
2025.05.06 16:50:47 PC-268 - есть старая x64 версия!
2025.05.06 16:50:47 PC-268 - устанавливаю новую x64 версию!
2025.05.06 16:51:07 PC-271 - есть старая x64 версия!
2025.05.06 16:51:07 PC-271 - устанавливаю новую x64 версию!
2025.05.06 16:51:37 PC-278 - есть старая x86 версия!
2025.05.06 16:51:37 PC-278 - устанавливаю новую x86 версию!
2025.05.06 16:52:19 PC-279 - есть старая x86 версия!
2025.05.06 16:52:19 PC-279 - устанавливаю новую x86 версию!
2025.05.06 16:53:06 PC-284 - есть старая x64 версия!
2025.05.06 16:53:07 PC-284 - устанавливаю новую x64 версию!
2025.05.06 16:53:44 PC-289 - есть старая x64 версия!
2025.05.06 16:53:44 PC-289 - устанавливаю новую x64 версию!
2025.05.06 16:54:06 PC-295 - есть старая x64 версия!
2025.05.06 16:54:06 PC-295 - есть новая x64 версия!
2025.05.06 16:54:20 PCE-05 - есть старая x64 версия!
2025.05.06 16:54:20 PCE-05 - устанавливаю новую x64 версию!
2025.05.06 16:54:25 PCE-07 - есть старая x64 версия!
2025.05.06 16:54:25 PCE-07 - устанавливаю новую x64 версию!
2025.05.06 16:54:41 PCE-12 - есть старая x64 версия!
2025.05.06 16:54:41 PCE-12 - устанавливаю новую x64 версию!
2025.05.06 16:55:43 PCE-15 - есть старая x64 версия!
2025.05.06 16:55:43 PCE-15 - устанавливаю новую x64 версию!
2025.05.06 16:56:34 PCE-16 - есть старая x64 версия!
2025.05.06 16:56:34 PCE-16 - устанавливаю новую x64 версию!
2025.05.06 16:56:55 PCE-23 - есть старая x64 версия!
2025.05.06 16:56:55 PCE-23 - устанавливаю новую x64 версию!
2025.05.06 16:59:01 PCE-24 - есть старая x64 версия!
2025.05.06 16:59:02 PCE-24 - устанавливаю новую x64 версию!
2025.05.06 17:00:55 PCE-26 - есть старая x64 версия!
2025.05.06 17:00:55 PCE-26 - устанавливаю новую x64 версию!
2025.05.06 17:01:15 PCE-32 - есть старая x64 версия!
2025.05.06 17:01:15 PCE-32 - устанавливаю новую x64 версию!
2025.05.06 17:01:47 PCSM-01 - есть старая x86 версия!
2025.05.06 17:01:47 PCSM-01 - устанавливаю новую x86 версию!
2025.05.07 09:11:00 PC-008 - есть старая x86 версия!
2025.05.07 09:11:00 PC-008 - устанавливаю новую x86 версию!
2025.05.07 09:23:15 PC-008 - есть старая x86 версия!
2025.05.07 09:23:15 PC-008 - есть новая x86 версия!
2025.05.07 09:23:20 PC-019 - есть старая x64 версия!
2025.05.07 09:23:20 PC-019 - есть новая x64 версия!
2025.05.07 09:23:27 PC-025 - компьютер не для установки новой версии!
2025.05.07 09:23:29 PC-028 - компьютер не для установки новой версии!
2025.05.07 09:23:32 PC-031 - компьютер не для установки новой версии!
2025.05.07 09:23:32 PC-032 - компьютер не для установки новой версии!
2025.05.07 09:23:32 PC-034 - компьютер не для установки новой версии!
2025.05.07 09:23:32 PC-035 - компьютер не для установки новой версии!
2025.05.07 09:23:43 PC-051 - компьютер не для установки новой версии!
2025.05.07 09:23:43 PC-052 - компьютер не для установки новой версии!
2025.05.07 09:23:43 PC-053 - есть старая x64 версия!
2025.05.07 09:23:43 PC-053 - устанавливаю новую x64 версию!
2025.05.07 09:23:56 PC-069 - компьютер не для установки новой версии!
2025.05.07 09:23:58 PC-071 - компьютер не для установки новой версии!
2025.05.07 09:24:10 PC-086 - компьютер не для установки новой версии!
2025.05.07 09:24:14 PC-089 - есть старая x86 версия!
2025.05.07 09:24:14 PC-089 - устанавливаю новую x86 версию!
2025.05.07 09:24:23 PC-094 - есть старая x86 версия!
2025.05.07 09:24:23 PC-094 - устанавливаю новую x86 версию!
2025.05.07 09:24:42 PC-098 - компьютер не для установки новой версии!
2025.05.07 09:25:01 PC-121 - есть старая x86 версия!
2025.05.07 09:25:01 PC-121 - устанавливаю новую x86 версию!
2025.05.07 09:25:28 PC-137 - есть старая x64 версия!
2025.05.07 09:25:28 PC-137 - устанавливаю новую x64 версию!
2025.05.07 09:26:14 PC-139 - компьютер не для установки новой версии!
2025.05.07 09:26:19 PC-151 - есть старая x64 версия!
2025.05.07 09:26:19 PC-151 - устанавливаю новую x64 версию!
2025.05.07 09:26:31 PC-162 - есть старая x64 версия!
2025.05.07 09:26:31 PC-162 - устанавливаю новую x64 версию!
2025.05.07 09:26:41 PC-163 - есть старая x64 версия!
2025.05.07 09:26:41 PC-163 - устанавливаю новую x64 версию!
2025.05.07 09:26:47 PC-165 - есть старая x64 версия!
2025.05.07 09:26:47 PC-165 - устанавливаю новую x64 версию!
2025.05.07 09:26:53 PC-166 - есть старая x64 версия!
2025.05.07 09:26:53 PC-166 - устанавливаю новую x64 версию!
2025.05.07 09:27:11 PC-167 - есть старая x64 версия!
2025.05.07 09:27:11 PC-167 - устанавливаю новую x64 версию!
2025.05.07 09:27:22 PC-173 - есть старая x64 версия!
2025.05.07 09:27:22 PC-173 - устанавливаю новую x64 версию!
2025.05.07 09:27:35 PC-175 - есть старая x64 версия!
2025.05.07 09:27:35 PC-175 - устанавливаю новую x64 версию!
2025.05.07 09:27:43 PC-178 - компьютер не для установки новой версии!
2025.05.07 09:27:46 PC-182 - есть старая x64 версия!
2025.05.07 09:27:46 PC-182 - устанавливаю новую x64 версию!
2025.05.07 09:28:00 PC-189 - есть старая x64 версия!
2025.05.07 09:28:00 PC-189 - устанавливаю новую x64 версию!
2025.05.07 09:28:13 PC-196 - есть старая x64 версия!
2025.05.07 09:28:13 PC-196 - устанавливаю новую x64 версию!
2025.05.07 09:28:57 PC-197 - есть старая x64 версия!
2025.05.07 09:28:57 PC-197 - устанавливаю новую x64 версию!
2025.05.07 09:29:00 PC-198 - компьютер не для установки новой версии!
2025.05.07 09:29:22 PC-215 - есть старая x64 версия!
2025.05.07 09:29:22 PC-215 - устанавливаю новую x64 версию!
2025.05.07 09:29:46 PC-230 - есть старая x64 версия!
2025.05.07 09:29:46 PC-230 - устанавливаю новую x64 версию!
2025.05.07 09:29:54 PC-235 - есть старая x64 версия!
2025.05.07 09:29:54 PC-235 - устанавливаю новую x64 версию!
2025.05.07 09:29:59 PC-238 - есть старая x64 версия!
2025.05.07 09:29:59 PC-238 - устанавливаю новую x64 версию!
2025.05.07 09:30:45 PC-241 - компьютер не для установки новой версии!
2025.05.07 09:30:46 PC-242 - есть старая x64 версия!
2025.05.07 09:30:46 PC-242 - устанавливаю новую x64 версию!
2025.05.07 09:30:46 PC-243 - есть старая x86 версия!
2025.05.07 09:30:46 PC-243 - устанавливаю новую x86 версию!
2025.05.07 09:30:48 PC-245 - есть старая x64 версия!
2025.05.07 09:30:48 PC-245 - устанавливаю новую x64 версию!
2025.05.07 09:30:57 PC-246 - есть старая x64 версия!
2025.05.07 09:30:57 PC-246 - устанавливаю новую x64 версию!
2025.05.07 09:31:55 PC-248 - есть старая x64 версия!
2025.05.07 09:31:55 PC-248 - устанавливаю новую x64 версию!
2025.05.07 09:32:16 PC-249 - есть старая x64 версия!
2025.05.07 09:32:16 PC-249 - устанавливаю новую x64 версию!
2025.05.07 09:32:34 PC-250 - есть старая x86 версия!
2025.05.07 09:32:34 PC-250 - устанавливаю новую x86 версию!
2025.05.07 09:32:38 PC-256 - есть старая x64 версия!
2025.05.07 09:32:38 PC-256 - устанавливаю новую x64 версию!
2025.05.07 09:32:49 PC-258 - есть старая x64 версия!
2025.05.07 09:32:49 PC-258 - устанавливаю новую x64 версию!
2025.05.07 09:33:17 PC-259 - есть старая x64 версия!
2025.05.07 09:33:17 PC-259 - устанавливаю новую x64 версию!
2025.05.07 09:33:38 PC-261 - компьютер не для установки новой версии!
2025.05.07 09:33:38 PC-262 - компьютер не для установки новой версии!
2025.05.07 09:33:41 PC-266 - есть старая x64 версия!
2025.05.07 09:33:41 PC-266 - устанавливаю новую x64 версию!
2025.05.07 09:34:47 PC-269 - есть старая x64 версия!
2025.05.07 09:34:47 PC-269 - устанавливаю новую x64 версию!
2025.05.07 09:35:43 PC-270 - есть старая x64 версия!
2025.05.07 09:35:43 PC-270 - устанавливаю новую x64 версию!
2025.05.07 09:36:41 PC-276 - есть старая x64 версия!
2025.05.07 09:36:41 PC-276 - устанавливаю новую x64 версию!
2025.05.07 09:37:30 PC-281 - есть старая x64 версия!
2025.05.07 09:37:30 PC-281 - устанавливаю новую x64 версию!
2025.05.07 09:38:40 PC-282 - есть старая x64 версия!
2025.05.07 09:38:40 PC-282 - устанавливаю новую x64 версию!
2025.05.07 09:39:08 PC-285 - есть старая x64 версия!
2025.05.07 09:39:08 PC-285 - устанавливаю новую x64 версию!
2025.05.07 09:39:18 PC-291 - есть старая x64 версия!
2025.05.07 09:39:18 PC-291 - устанавливаю новую x64 версию!
2025.05.07 09:39:23 PC-292 - есть старая x64 версия!
2025.05.07 09:39:23 PC-292 - устанавливаю новую x64 версию!
2025.05.07 09:39:34 PCE-01 - есть старая x86 версия!
2025.05.07 09:39:34 PCE-01 - устанавливаю новую x86 версию!
2025.05.07 09:39:49 PCE-04 - есть старая x64 версия!
2025.05.07 09:39:49 PCE-04 - устанавливаю новую x64 версию!
2025.05.07 09:40:35 PCE-08 - есть старая x64 версия!
2025.05.07 09:40:35 PCE-08 - устанавливаю новую x64 версию!
2025.05.07 09:42:06 PCE-09 - есть старая x64 версия!
2025.05.07 09:42:06 PCE-09 - устанавливаю новую x64 версию!
2025.05.07 09:43:07 PCE-13 - есть старая x64 версия!
2025.05.07 09:43:07 PCE-13 - устанавливаю новую x64 версию!
2025.05.07 09:43:14 PCE-17 - есть старая x64 версия!
2025.05.07 09:43:14 PCE-17 - устанавливаю новую x64 версию!
2025.05.07 09:43:37 PCE-19 - есть старая x64 версия!
2025.05.07 09:43:37 PCE-19 - устанавливаю новую x64 версию!
2025.05.07 09:43:40 PCE-20 - есть старая x64 версия!
2025.05.07 09:43:40 PCE-20 - устанавливаю новую x64 версию!
2025.05.07 09:44:09 PCE-22 - есть старая x64 версия!
2025.05.07 09:44:09 PCE-22 - устанавливаю новую x64 версию!
2025.05.07 09:44:14 PCE-25 - есть старая x64 версия!
2025.05.07 09:44:14 PCE-25 - устанавливаю новую x64 версию!
2025.05.07 09:44:18 PCE-27 - есть старая x64 версия!
2025.05.07 09:44:18 PCE-27 - устанавливаю новую x64 версию!
2025.05.07 09:44:25 PCE-28 - есть старая x64 версия!
2025.05.07 09:44:25 PCE-28 - устанавливаю новую x64 версию!
2025.05.07 09:44:48 PCE-29 - есть старая x64 версия!
2025.05.07 09:44:48 PCE-29 - устанавливаю новую x64 версию!
2025.05.07 09:44:56 PCE-30 - есть старая x64 версия!
2025.05.07 09:44:56 PCE-30 - устанавливаю новую x64 версию!
2025.05.07 09:45:26 PCE-31 - есть старая x64 версия!
2025.05.07 09:45:26 PCE-31 - устанавливаю новую x64 версию!
2025.05.07 09:47:31 PCSM-03 - есть старая x86 версия!
2025.05.07 09:47:31 PCSM-03 - устанавливаю новую x86 версию!
2025.05.07 09:48:03 PCSM-04 - есть старая x64 версия!
2025.05.07 09:48:03 PCSM-04 - устанавливаю новую x64 версию!
2025.05.07 09:50:09 PCSM-10 - есть старая x64 версия!
2025.05.07 09:50:09 PCSM-10 - устанавливаю новую x64 версию!
2025.05.07 09:50:42 PCSM-11 - есть старая x64 версия!
2025.05.07 09:50:42 PCSM-11 - устанавливаю новую x64 версию!
2025.05.07 15:17:39 PC-025 - компьютер не для установки новой версии!
2025.05.07 15:17:41 PC-028 - компьютер не для установки новой версии!
2025.05.07 15:17:43 PC-031 - компьютер не для установки новой версии!
2025.05.07 15:17:43 PC-032 - компьютер не для установки новой версии!
2025.05.07 15:17:43 PC-034 - компьютер не для установки новой версии!
2025.05.07 15:17:43 PC-035 - компьютер не для установки новой версии!
2025.05.07 15:17:55 PC-051 - компьютер не для установки новой версии!
2025.05.07 15:17:55 PC-052 - компьютер не для установки новой версии!
2025.05.07 15:18:05 PC-069 - компьютер не для установки новой версии!
2025.05.07 15:18:08 PC-071 - компьютер не для установки новой версии!
2025.05.07 15:18:19 PC-086 - компьютер не для установки новой версии!
2025.05.07 15:18:28 PC-098 - компьютер не для установки новой версии!
2025.05.07 15:19:00 PC-139 - компьютер не для установки новой версии!
2025.05.07 15:19:19 PC-178 - компьютер не для установки новой версии!
2025.05.07 15:19:35 PC-198 - компьютер не для установки новой версии!
2025.05.07 15:20:16 PC-241 - компьютер не для установки новой версии!
2025.05.07 15:20:23 PC-261 - компьютер не для установки новой версии!
2025.05.07 15:20:23 PC-262 - компьютер не для установки новой версии!
2025.05.07 15:20:33 PC-277 - есть старая x64 версия!
2025.05.07 15:20:33 PC-277 - устанавливаю новую x64 версию!
2025.05.07 15:20:40 PC-287 - есть старая x64 версия!
2025.05.07 15:20:40 PC-287 - устанавливаю новую x64 версию!
